[2025-11-06_14-47-46] Nouvelle photo ajoutée : photo_2025-11-06_14-47-46.jpg
[2025-11-06_15-29-15] Nouvelle photo ajoutée : photo_2025-11-06_15-29-15.jpg
[2025-11-06_15-40-58] Nouvelle photo ajoutée : photo_2025-11-06_15-40-58.jpg
[2025-11-06_15-40-59] Erreur lors de la sauvegarde des photos
[2025-11-06_15-42-19] Nouvelle photo ajoutée : photo_1.jpg
[2025-11-06_15-42-19] Nouvelle photo ajoutée : photo_2.jpg
[2025-11-06_15-42-19] Nouvelle photo ajoutée : photo_small_3.jpg
[2025-11-06 15:08:32] Nouvelle photo ajoutée : photo_2025-11-06_15-08-32_1.jpg
[2025-11-06 15:08:32] Nouvelle photo ajoutée : photo_2025-11-06_15-08-32_2.jpg
[2025-11-06 15:08:32] Nouvelle photo ajoutée : photo_small_2025-11-06_15-08-32_3.jpg
[2025-11-06 15:08:34] Nouvelle photo ajoutée : photo_2025-11-06_15-08-34_1.jpg
[2025-11-06 15:08:34] Nouvelle photo ajoutée : photo_2025-11-06_15-08-34_2.jpg
[2025-11-06 15:08:34] Nouvelle photo ajoutée : photo_small_2025-11-06_15-08-34_3.jpg
[2025-11-06 15:08:36] Nouvelle photo ajoutée : photo_2025-11-06_15-08-36_1.jpg
[2025-11-06 15:08:36] Nouvelle photo ajoutée : photo_2025-11-06_15-08-36_2.jpg
[2025-11-06 15:08:36] Nouvelle photo ajoutée : photo_small_2025-11-06_15-08-36_3.jpg
[2025-11-06 15:09:22] Nouvelle photo ajoutée : photo_2025-11-06_15-09-22_1.jpg
[2025-11-06 15:09:22] Nouvelle photo ajoutée : photo_2025-11-06_15-09-22_2.jpg
[2025-11-06 15:09:22] Nouvelle photo ajoutée : photo_small_2025-11-06_15-09-22_3.jpg
[2025-11-06 15:15:27] Nouvelle photo ajoutée : photo_2025-11-06_15-15-27_1.jpg
[2025-11-06 15:15:27] Nouvelle photo ajoutée : photo_2025-11-06_15-15-27_2.jpg
[2025-11-06 15:15:27] Nouvelle photo ajoutée : photo_small_2025-11-06_15-15-27_3.jpg
[2025-11-06 15:16:10] Nouvelle photo ajoutée : photo_2025-11-06_15-16-10_1.jpg
[2025-11-06 15:16:10] Nouvelle photo ajoutée : photo_2025-11-06_15-16-10_2.jpg
[2025-11-06 15:16:10] Nouvelle photo ajoutée : photo_small_2025-11-06_15-16-10_3.jpg
[2025-11-06 15:16:48] Nouvelle photo ajoutée : photo_2025-11-06_15-16-48_1.jpg
[2025-11-06 15:16:48] Nouvelle photo ajoutée : photo_2025-11-06_15-16-48_2.jpg
[2025-11-06 15:16:48] Nouvelle photo ajoutée : photo_small_2025-11-06_15-16-48_3.jpg
[2025-11-06 15:21:03] Nouvelle photo ajoutée : photo_2025-11-06_15-21-03_1.jpg
[2025-11-06 15:21:03] Nouvelle photo ajoutée : photo_2025-11-06_15-21-03_2.jpg
[2025-11-06 15:21:03] Nouvelle photo ajoutée : photo_small_2025-11-06_15-21-03_3.jpg
[2025-11-06 15:24:15] Nouvelle photo ajoutée : photo_2025-11-06_15-24-15_1.jpg
[2025-11-06 15:24:15] Nouvelle photo ajoutée : photo_2025-11-06_15-24-15_2.jpg
[2025-11-06 15:24:15] Nouvelle photo ajoutée : photo_small_2025-11-06_15-24-15_3.jpg
[2025-11-06 15:24:31] Nouvelle photo ajoutée : photo_2025-11-06_15-24-31_1.jpg
[2025-11-06 15:24:31] Nouvelle photo ajoutée : photo_2025-11-06_15-24-31_2.jpg
[2025-11-06 15:24:31] Nouvelle photo ajoutée : photo_small_2025-11-06_15-24-31_3.jpg
[2025-11-06 15:24:40] Nouvelle photo ajoutée : photo_2025-11-06_15-24-40_1.jpg
[2025-11-06 15:24:40] Nouvelle photo ajoutée : photo_2025-11-06_15-24-40_2.jpg
[2025-11-06 15:24:40] Nouvelle photo ajoutée : photo_small_2025-11-06_15-24-40_3.jpg
[2025-11-06 15:24:53] Nouvelle photo ajoutée : photo_2025-11-06_15-24-53_1.jpg
[2025-11-06 15:24:53] Nouvelle photo ajoutée : photo_2025-11-06_15-24-53_2.jpg
[2025-11-06 15:24:53] Nouvelle photo ajoutée : photo_small_2025-11-06_15-24-53_3.jpg
[2025-11-06 15:25:00] Nouvelle photo ajoutée : photo_2025-11-06_15-25-00_1.jpg
[2025-11-06 15:25:00] Nouvelle photo ajoutée : photo_2025-11-06_15-25-00_2.jpg
[2025-11-06 15:25:00] Nouvelle photo ajoutée : photo_small_2025-11-06_15-25-00_3.jpg
[2025-11-06 15:25:34] Nouvelle photo ajoutée : photo_2025-11-06_15-25-34_1.jpg
[2025-11-06 15:25:34] Nouvelle photo ajoutée : photo_2025-11-06_15-25-34_2.jpg
[2025-11-06 15:25:34] Nouvelle photo ajoutée : photo_small_2025-11-06_15-25-34_3.jpg
[2025-11-06 15:39:49] Nouvelle photo ajoutée : photo_2025-11-06_15-39-49_1.jpg
[2025-11-06 15:39:49] Nouvelle photo ajoutée : photo_2025-11-06_15-39-49_2.jpg
[2025-11-06 15:39:49] Nouvelle photo ajoutée : photo_small_2025-11-06_15-39-49_3.jpg
[2025-11-06 15:45:23] Nouvelle photo ajoutée : photo_2025-11-06_15-45-23_1.jpg
[2025-11-06 15:45:23] Nouvelle photo ajoutée : photo_2025-11-06_15-45-23_2.jpg
[2025-11-06 15:45:23] Nouvelle photo ajoutée : photo_small_2025-11-06_15-45-23_3.jpg
[2025-11-06 15:45:37] Nouvelle photo ajoutée : photo_2025-11-06_15-45-37_1.jpg
[2025-11-06 15:45:37] Nouvelle photo ajoutée : photo_2025-11-06_15-45-37_2.jpg
[2025-11-06 15:45:37] Nouvelle photo ajoutée : photo_small_2025-11-06_15-45-37_3.jpg
[2025-11-06 15:46:10] Nouvelle photo ajoutée : photo_2025-11-06_15-46-10_1.jpg
[2025-11-06 15:46:10] Nouvelle photo ajoutée : photo_2025-11-06_15-46-10_2.jpg
[2025-11-06 15:46:10] Nouvelle photo ajoutée : photo_small_2025-11-06_15-46-10_3.jpg
[2025-11-06 15:50:14] Nouvelle photo ajoutée : photo_2025-11-06_15-50-14_1.jpg
[2025-11-06 15:50:14] Nouvelle photo ajoutée : photo_2025-11-06_15-50-14_2.jpg
[2025-11-06 15:50:14] Nouvelle photo ajoutée : photo_small_2025-11-06_15-50-14_3.jpg
[2025-11-06 15:50:29] Nouvelle photo ajoutée : photo_2025-11-06_15-50-29_1.jpg
[2025-11-06 15:50:29] Nouvelle photo ajoutée : photo_2025-11-06_15-50-29_2.jpg
[2025-11-06 15:50:29] Nouvelle photo ajoutée : photo_small_2025-11-06_15-50-29_3.jpg
[2025-11-06 15:50:37] Nouvelle photo ajoutée : photo_2025-11-06_15-50-37_1.jpg
[2025-11-06 15:50:37] Nouvelle photo ajoutée : photo_2025-11-06_15-50-37_2.jpg
[2025-11-06 15:50:37] Nouvelle photo ajoutée : photo_small_2025-11-06_15-50-37_3.jpg
[2025-11-06 15:51:45] Nouvelle photo ajoutée : photo_2025-11-06_15-51-45_1.jpg
[2025-11-06 15:51:45] Nouvelle photo ajoutée : photo_2025-11-06_15-51-45_2.jpg
[2025-11-06 15:51:45] Nouvelle photo ajoutée : photo_small_2025-11-06_15-51-45_3.jpg
[2025-11-06 15:53:04] Nouvelle photo ajoutée : photo_2025-11-06_15-53-04_1.jpg
[2025-11-06 15:53:04] Nouvelle photo ajoutée : photo_2025-11-06_15-53-04_2.jpg
[2025-11-06 15:53:04] Nouvelle photo ajoutée : photo_small_2025-11-06_15-53-04_3.jpg
[2025-11-06 15:53:22] Nouvelle photo ajoutée : photo_2025-11-06_15-53-22_1.jpg
[2025-11-06 15:53:22] Nouvelle photo ajoutée : photo_2025-11-06_15-53-22_2.jpg
[2025-11-06 15:53:22] Nouvelle photo ajoutée : photo_small_2025-11-06_15-53-22_3.jpg
[2025-11-06 15:53:25] Nouvelle photo ajoutée : photo_2025-11-06_15-53-25_1.jpg
[2025-11-06 15:53:25] Nouvelle photo ajoutée : photo_2025-11-06_15-53-25_2.jpg
[2025-11-06 15:53:25] Nouvelle photo ajoutée : photo_small_2025-11-06_15-53-25_3.jpg
[2025-11-06 15:55:42] Nouvelle photo ajoutée : photo_2025-11-06_15-55-42_1.jpg
[2025-11-06 15:55:42] Nouvelle photo ajoutée : photo_2025-11-06_15-55-42_2.jpg
[2025-11-06 15:55:42] Nouvelle photo ajoutée : photo_small_2025-11-06_15-55-42_3.jpg
[2025-11-06 15:57:28] Nouvelle photo ajoutée : photo_2025-11-06_15-57-28_1.jpg
[2025-11-06 15:57:28] Ligne insérée en base : photo_2025-11-06_15-57-28_1.jpg
[2025-11-06 15:57:28] Nouvelle photo ajoutée : photo_2025-11-06_15-57-28_2.jpg
[2025-11-06 15:57:28] Ligne insérée en base : photo_2025-11-06_15-57-28_2.jpg
[2025-11-06 15:57:28] Nouvelle photo ajoutée : photo_small_2025-11-06_15-57-28_3.jpg
[2025-11-06 15:57:28] Ligne insérée en base : photo_small_2025-11-06_15-57-28_3.jpg
